<?xml version="1.0" encoding="UTF-8"?>
<testng-results ignored="0" total="1" passed="1" failed="0" skipped="0">
  <reporter-output>
  </reporter-output>
  <suite started-at="2022-12-09T21:20:10 IST" name="Suite" finished-at="2022-12-09T21:20:24 IST" duration-ms="13594">
    <groups>
    </groups>
    <test started-at="2022-12-09T21:20:10 IST" name="Test" finished-at="2022-12-09T21:20:24 IST" duration-ms="13594">
      <class name="testcases.ToVerifyValidLoginDetails">
        <test-method signature="toVerifyValidLoginDetailsTest()[pri:0, instance:testcases.ToVerifyValidLoginDetails@2a54a73f]" started-at="2022-12-09T21:20:10 IST" name="toVerifyValidLoginDetailsTest" finished-at="2022-12-09T21:20:24 IST" duration-ms="13498" status="PASS">
          <reporter-output>
          </reporter-output>
        </test-method> <!-- toVerifyValidLoginDetailsTest -->
      </class> <!-- testcases.ToVerifyValidLoginDetails -->
    </test> <!-- Test -->
  </suite> <!-- Suite -->
</testng-results>
